<?xml version="1.0" encoding="UTF-8"?>
<Site BuildName="(empty)"
	BuildStamp="20241119-1415-Experimental"
	Name="steed-Dell-G15-5520"
	Generator="ctest-3.22.1"
	CompilerName="/usr/bin/g++"
	CompilerVersion="11.4.0"
	OSName="Linux"
	Hostname="steed-Dell-G15-5520"
	OSRelease="6.8.0-47-generic"
	OSVersion="#47~22.04.1-Ubuntu SMP PREEMPT_DYNAMIC Wed Oct  2 16:16:55 UTC 2"
	OSPlatform="x86_64"
	Is64Bits="1"
	VendorString="GenuineIntel"
	VendorID="Intel Corporation"
	FamilyID="6"
	ModelID="154"
	ProcessorCacheSize="24576"
	NumberOfLogicalCPU="20"
	NumberOfPhysicalCPU="14"
	TotalVirtualMemory="10489"
	TotalPhysicalMemory="15675"
	LogicalProcessorsPerPhysical="1"
	ProcessorClockFrequency="4022.1"
	>
	<Testing>
		<StartDateTime>Nov 19 09:15 EST</StartDateTime>
		<StartTestTime>1732025749</StartTestTime>
		<TestList/>
		<EndDateTime>Nov 19 09:15 EST</EndDateTime>
		<EndTestTime>1732025749</EndTestTime>
		<ElapsedMinutes>0</ElapsedMinutes>
	</Testing>
</Site>
